# JRE version: Java(TM) SE Runtime Environment (17.0.11+7) (build 17.0.11+7-LTS-207)
# Java VM: Java HotSpot(TM) 64-Bit Server VM (17.0.11+7-LTS-207, mixed mode, sharing, tiered, compressed oops, compressed class ptrs, g1 gc, windows-amd64)
GC Precious Log:
 CPUs: 4 total, 4 available
 Memory: 7991M
 Large Page Support: Disabled
 NUMA Support: Disabled
 Compressed Oops: Enabled (32-bit)
 Heap Region Size: 1M
 Heap Min Capacity: 8M
 Heap Initial Capacity: 126M
 Heap Max Capacity: 1998M
 Pre-touch: Disabled
 Parallel Workers: 4
 Concurrent Workers: 1
 Concurrent Refinement Workers: 4
 Periodic GC: Disabled
Heap:
 garbage-first heap   total 66560K, used 35618K [0x0000000083200000, 0x0000000100000000)
  region size 1024K, 3 young (3072K), 1 survivors (1024K)
 Metaspace       used 86259K, committed 86848K, reserved 1179648K
  class space    used 11645K, committed 11904K, reserved 1048576K
GC Heap History (20 events):
Event: 15.625 GC heap before
{Heap before GC invocations=26 (full 0):
 garbage-first heap   total 55296K, used 43784K [0x0000000083200000, 0x0000000100000000)
  region size 1024K, 14 young (14336K), 1 survivors (1024K)
 Metaspace       used 77847K, committed 78336K, reserved 1179648K
  class space    used 10594K, committed 10816K, reserved 1048576K
}
Event: 15.629 GC heap after
{Heap after GC invocations=27 (full 0):
 garbage-first heap   total 55296K, used 31963K [0x0000000083200000, 0x0000000100000000)
  region size 1024K, 2 young (2048K), 2 survivors (2048K)
 Metaspace       used 77847K, committed 78336K, reserved 1179648K
  class space    used 10594K, committed 10816K, reserved 1048576K
}
Event: 16.353 GC heap before
{Heap before GC invocations=27 (full 0):
 garbage-first heap   total 55296K, used 45275K [0x0000000083200000, 0x0000000100000000)
  region size 1024K, 15 young (15360K), 2 survivors (2048K)
 Metaspace       used 80132K, committed 80704K, reserved 1179648K
  class space    used 10878K, committed 11200K, reserved 1048576K
}
Event: 16.358 GC heap after
{Heap after GC invocations=28 (full 0):
 garbage-first heap   total 55296K, used 33263K [0x0000000083200000, 0x0000000100000000)
  region size 1024K, 2 young (2048K), 2 survivors (2048K)
 Metaspace       used 80132K, committed 80704K, reserved 1179648K
  class space    used 10878K, committed 11200K, reserved 1048576K
}
Event: 16.963 GC heap before
{Heap before GC invocations=29 (full 0):
 garbage-first heap   total 60416K, used 43503K [0x0000000083200000, 0x0000000100000000)
  region size 1024K, 13 young (13312K), 2 survivors (2048K)
 Metaspace       used 82001K, committed 82624K, reserved 1179648K
  class space    used 11145K, committed 11456K, reserved 1048576K
}
Event: 16.966 GC heap after
{Heap after GC invocations=30 (full 0):
 garbage-first heap   total 60416K, used 34656K [0x0000000083200000, 0x0000000100000000)
  region size 1024K, 2 young (2048K), 2 survivors (2048K)
 Metaspace       used 82001K, committed 82624K, reserved 1179648K
  class space    used 11145K, committed 11456K, reserved 1048576K
}
Event: 17.649 GC heap before
{Heap before GC invocations=30 (full 0):
 garbage-first heap   total 60416K, used 48992K [0x0000000083200000, 0x0000000100000000)
  region size 1024K, 16 young (16384K), 2 survivors (2048K)
 Metaspace       used 83932K, committed 84544K, reserved 1179648K
  class space    used 11403K, committed 11712K, reserved 1048576K
}
Event: 17.653 GC heap after
{Heap after GC invocations=31 (full 0):
 garbage-first heap   total 60416K, used 35919K [0x0000000083200000, 0x0000000100000000)
  region size 1024K, 2 young (2048K), 2 survivors (2048K)
 Metaspace       used 83932K, committed 84544K, reserved 1179648K
  class space    used 11403K, committed 11712K, reserved 1048576K
}
Event: 108.923 GC heap before
{Heap before GC invocations=32 (full 0):
 garbage-first heap   total 63488K, used 49231K [0x0000000083200000, 0x0000000100000000)
  region size 1024K, 15 young (15360K), 2 survivors (2048K)
 Metaspace       used 84975K, committed 85568K, reserved 1179648K
  class space    used 11558K, committed 11840K, reserved 1048576K
}
Event: 108.978 GC heap after
{Heap after GC invocations=33 (full 0):
 garbage-first heap   total 63488K, used 36833K [0x0000000083200000, 0x0000000100000000)
  region size 1024K, 1 young (1024K), 1 survivors (1024K)
 Metaspace       used 84975K, committed 85568K, reserved 1179648K
  class space    used 11558K, committed 11840K, reserved 1048576K
}
Event: 201.560 GC heap before
{Heap before GC invocations=33 (full 0):
 garbage-first heap   total 63488K, used 40929K [0x0000000083200000, 0x0000000100000000)
  region size 1024K, 6 young (6144K), 1 survivors (1024K)
 Metaspace       used 85247K, committed 85760K, reserved 1179648K
  class space    used 11588K, committed 11840K, reserved 1048576K
}
Event: 202.058 GC heap after
{Heap after GC invocations=34 (full 1):
 garbage-first heap   total 63488K, used 29776K [0x0000000083200000, 0x0000000100000000)
  region size 1024K, 0 young (0K), 0 survivors (0K)
 Metaspace       used 85247K, committed 85760K, reserved 1179648K
  class space    used 11588K, committed 11840K, reserved 1048576K
}
Event: 204.615 GC heap before
{Heap before GC invocations=34 (full 1):
 garbage-first heap   total 63488K, used 48208K [0x0000000083200000, 0x0000000100000000)
  region size 1024K, 19 young (19456K), 0 survivors (0K)
 Metaspace       used 85380K, committed 85952K, reserved 1179648K
  class space    used 11593K, committed 11840K, reserved 1048576K
}
Event: 204.623 GC heap after
{Heap after GC invocations=35 (full 1):
 garbage-first heap   total 63488K, used 31712K [0x0000000083200000, 0x0000000100000000)
  region size 1024K, 2 young (2048K), 2 survivors (2048K)
 Metaspace       used 85380K, committed 85952K, reserved 1179648K
  class space    used 11593K, committed 11840K, reserved 1048576K
}
Event: 206.510 GC heap before
{Heap before GC invocations=36 (full 1):
 garbage-first heap   total 63488K, used 49120K [0x0000000083200000, 0x0000000100000000)
  region size 1024K, 19 young (19456K), 2 survivors (2048K)
 Metaspace       used 85597K, committed 86144K, reserved 1179648K
  class space    used 11596K, committed 11840K, reserved 1048576K
}
Event: 206.514 GC heap after
{Heap after GC invocations=37 (full 1):
 garbage-first heap   total 63488K, used 33227K [0x0000000083200000, 0x0000000100000000)
  region size 1024K, 2 young (2048K), 2 survivors (2048K)
 Metaspace       used 85597K, committed 86144K, reserved 1179648K
  class space    used 11596K, committed 11840K, reserved 1048576K
}
Event: 208.705 GC heap before
{Heap before GC invocations=37 (full 1):
 garbage-first heap   total 63488K, used 48587K [0x0000000083200000, 0x0000000100000000)
  region size 1024K, 18 young (18432K), 2 survivors (2048K)
 Metaspace       used 85795K, committed 86336K, reserved 1179648K
  class space    used 11606K, committed 11840K, reserved 1048576K
}
Event: 208.708 GC heap after
{Heap after GC invocations=38 (full 1):
 garbage-first heap   total 63488K, used 34364K [0x0000000083200000, 0x0000000100000000)
  region size 1024K, 2 young (2048K), 2 survivors (2048K)
 Metaspace       used 85795K, committed 86336K, reserved 1179648K
  class space    used 11606K, committed 11840K, reserved 1048576K
}
Event: 271.609 GC heap before
{Heap before GC invocations=39 (full 1):
 garbage-first heap   total 66560K, used 48700K [0x0000000083200000, 0x0000000100000000)
  region size 1024K, 16 young (16384K), 2 survivors (2048K)
 Metaspace       used 86259K, committed 86848K, reserved 1179648K
  class space    used 11645K, committed 11904K, reserved 1048576K
}
Event: 271.620 GC heap after
{Heap after GC invocations=40 (full 1):
 garbage-first heap   total 66560K, used 34594K [0x0000000083200000, 0x0000000100000000)
  region size 1024K, 1 young (1024K), 1 survivors (1024K)
 Metaspace       used 86259K, committed 86848K, reserved 1179648K
  class space    used 11645K, committed 11904K, reserved 1048576K
}

