# JRE version: Java(TM) SE Runtime Environment (17.0.11+7) (build 17.0.11+7-LTS-207)
# Java VM: Java HotSpot(TM) 64-Bit Server VM (17.0.11+7-LTS-207, mixed mode, sharing, tiered, compressed oops, compressed class ptrs, g1 gc, windows-amd64)
GC Precious Log:
 CPUs: 4 total, 4 available
 Memory: 7991M
 Large Page Support: Disabled
 NUMA Support: Disabled
 Compressed Oops: Enabled (32-bit)
 Heap Region Size: 1M
 Heap Min Capacity: 8M
 Heap Initial Capacity: 126M
 Heap Max Capacity: 1998M
 Pre-touch: Disabled
 Parallel Workers: 4
 Concurrent Workers: 1
 Concurrent Refinement Workers: 4
 Periodic GC: Disabled
Heap:
 garbage-first heap   total 51200K, used 38283K [0x0000000083200000, 0x0000000100000000)
  region size 1024K, 2 young (2048K), 1 survivors (1024K)
 Metaspace       used 93973K, committed 94592K, reserved 1179648K
  class space    used 12945K, committed 13248K, reserved 1048576K
GC Heap History (20 events):
Event: 45.164 GC heap before
{Heap before GC invocations=30 (full 0):
 garbage-first heap   total 51200K, used 40863K [0x0000000083200000, 0x0000000100000000)
  region size 1024K, 11 young (11264K), 2 survivors (2048K)
 Metaspace       used 81299K, committed 81856K, reserved 1179648K
  class space    used 11067K, committed 11328K, reserved 1048576K
}
Event: 45.168 GC heap after
{Heap after GC invocations=31 (full 0):
 garbage-first heap   total 51200K, used 33495K [0x0000000083200000, 0x0000000100000000)
  region size 1024K, 2 young (2048K), 2 survivors (2048K)
 Metaspace       used 81299K, committed 81856K, reserved 1179648K
  class space    used 11067K, committed 11328K, reserved 1048576K
}
Event: 50.051 GC heap before
{Heap before GC invocations=31 (full 0):
 garbage-first heap   total 51200K, used 41687K [0x0000000083200000, 0x0000000100000000)
  region size 1024K, 10 young (10240K), 2 survivors (2048K)
 Metaspace       used 82545K, committed 83072K, reserved 1179648K
  class space    used 11235K, committed 11456K, reserved 1048576K
}
Event: 50.054 GC heap after
{Heap after GC invocations=32 (full 0):
 garbage-first heap   total 51200K, used 34486K [0x0000000083200000, 0x0000000100000000)
  region size 1024K, 2 young (2048K), 2 survivors (2048K)
 Metaspace       used 82545K, committed 83072K, reserved 1179648K
  class space    used 11235K, committed 11456K, reserved 1048576K
}
Event: 53.166 GC heap before
{Heap before GC invocations=32 (full 0):
 garbage-first heap   total 51200K, used 41654K [0x0000000083200000, 0x0000000100000000)
  region size 1024K, 10 young (10240K), 2 survivors (2048K)
 Metaspace       used 83788K, committed 84288K, reserved 1179648K
  class space    used 11422K, committed 11648K, reserved 1048576K
}
Event: 53.171 GC heap after
{Heap after GC invocations=33 (full 0):
 garbage-first heap   total 51200K, used 35233K [0x0000000083200000, 0x0000000100000000)
  region size 1024K, 2 young (2048K), 2 survivors (2048K)
 Metaspace       used 83788K, committed 84288K, reserved 1179648K
  class space    used 11422K, committed 11648K, reserved 1048576K
}
Event: 57.736 GC heap before
{Heap before GC invocations=33 (full 0):
 garbage-first heap   total 51200K, used 42401K [0x0000000083200000, 0x0000000100000000)
  region size 1024K, 9 young (9216K), 2 survivors (2048K)
 Metaspace       used 84615K, committed 85184K, reserved 1179648K
  class space    used 11538K, committed 11840K, reserved 1048576K
}
Event: 57.739 GC heap after
{Heap after GC invocations=34 (full 0):
 garbage-first heap   total 51200K, used 35989K [0x0000000083200000, 0x0000000100000000)
  region size 1024K, 2 young (2048K), 2 survivors (2048K)
 Metaspace       used 84615K, committed 85184K, reserved 1179648K
  class space    used 11538K, committed 11840K, reserved 1048576K
}
Event: 68.246 GC heap before
{Heap before GC invocations=34 (full 0):
 garbage-first heap   total 51200K, used 41109K [0x0000000083200000, 0x0000000100000000)
  region size 1024K, 8 young (8192K), 2 survivors (2048K)
 Metaspace       used 86176K, committed 86784K, reserved 1179648K
  class space    used 11735K, committed 12032K, reserved 1048576K
}
Event: 68.252 GC heap after
{Heap after GC invocations=35 (full 0):
 garbage-first heap   total 51200K, used 36469K [0x0000000083200000, 0x0000000100000000)
  region size 1024K, 1 young (1024K), 1 survivors (1024K)
 Metaspace       used 86176K, committed 86784K, reserved 1179648K
  class space    used 11735K, committed 12032K, reserved 1048576K
}
Event: 72.667 GC heap before
{Heap before GC invocations=35 (full 0):
 garbage-first heap   total 51200K, used 41589K [0x0000000083200000, 0x0000000100000000)
  region size 1024K, 7 young (7168K), 1 survivors (1024K)
 Metaspace       used 87701K, committed 88256K, reserved 1179648K
  class space    used 11902K, committed 12160K, reserved 1048576K
}
Event: 72.681 GC heap after
{Heap after GC invocations=36 (full 0):
 garbage-first heap   total 51200K, used 37195K [0x0000000083200000, 0x0000000100000000)
  region size 1024K, 1 young (1024K), 1 survivors (1024K)
 Metaspace       used 87701K, committed 88256K, reserved 1179648K
  class space    used 11902K, committed 12160K, reserved 1048576K
}
Event: 74.105 GC heap before
{Heap before GC invocations=36 (full 0):
 garbage-first heap   total 51200K, used 42315K [0x0000000083200000, 0x0000000100000000)
  region size 1024K, 7 young (7168K), 1 survivors (1024K)
 Metaspace       used 89089K, committed 89664K, reserved 1179648K
  class space    used 12274K, committed 12544K, reserved 1048576K
}
Event: 74.109 GC heap after
{Heap after GC invocations=37 (full 0):
 garbage-first heap   total 51200K, used 37963K [0x0000000083200000, 0x0000000100000000)
  region size 1024K, 1 young (1024K), 1 survivors (1024K)
 Metaspace       used 89089K, committed 89664K, reserved 1179648K
  class space    used 12274K, committed 12544K, reserved 1048576K
}
Event: 74.607 GC heap before
{Heap before GC invocations=37 (full 0):
 garbage-first heap   total 51200K, used 42059K [0x0000000083200000, 0x0000000100000000)
  region size 1024K, 6 young (6144K), 1 survivors (1024K)
 Metaspace       used 90997K, committed 91584K, reserved 1179648K
  class space    used 12577K, committed 12864K, reserved 1048576K
}
Event: 74.609 GC heap after
{Heap after GC invocations=38 (full 0):
 garbage-first heap   total 51200K, used 38283K [0x0000000083200000, 0x0000000100000000)
  region size 1024K, 1 young (1024K), 1 survivors (1024K)
 Metaspace       used 90997K, committed 91584K, reserved 1179648K
  class space    used 12577K, committed 12864K, reserved 1048576K
}
Event: 75.352 GC heap before
{Heap before GC invocations=38 (full 0):
 garbage-first heap   total 51200K, used 42379K [0x0000000083200000, 0x0000000100000000)
  region size 1024K, 6 young (6144K), 1 survivors (1024K)
 Metaspace       used 92396K, committed 92992K, reserved 1179648K
  class space    used 12752K, committed 13056K, reserved 1048576K
}
Event: 75.354 GC heap after
{Heap after GC invocations=39 (full 0):
 garbage-first heap   total 51200K, used 38115K [0x0000000083200000, 0x0000000100000000)
  region size 1024K, 1 young (1024K), 1 survivors (1024K)
 Metaspace       used 92396K, committed 92992K, reserved 1179648K
  class space    used 12752K, committed 13056K, reserved 1048576K
}
Event: 83.675 GC heap before
{Heap before GC invocations=39 (full 0):
 garbage-first heap   total 51200K, used 42211K [0x0000000083200000, 0x0000000100000000)
  region size 1024K, 6 young (6144K), 1 survivors (1024K)
 Metaspace       used 93744K, committed 94336K, reserved 1179648K
  class space    used 12920K, committed 13184K, reserved 1048576K
}
Event: 83.676 GC heap after
{Heap after GC invocations=40 (full 0):
 garbage-first heap   total 51200K, used 38283K [0x0000000083200000, 0x0000000100000000)
  region size 1024K, 1 young (1024K), 1 survivors (1024K)
 Metaspace       used 93744K, committed 94336K, reserved 1179648K
  class space    used 12920K, committed 13184K, reserved 1048576K
}

