# JRE version: Java(TM) SE Runtime Environment (17.0.11+7) (build 17.0.11+7-LTS-207)
# Java VM: Java HotSpot(TM) 64-Bit Server VM (17.0.11+7-LTS-207, mixed mode, sharing, tiered, compressed oops, compressed class ptrs, g1 gc, windows-amd64)
GC Precious Log:
 CPUs: 4 total, 4 available
 Memory: 7991M
 Large Page Support: Disabled
 NUMA Support: Disabled
 Compressed Oops: Enabled (32-bit)
 Heap Region Size: 1M
 Heap Min Capacity: 8M
 Heap Initial Capacity: 126M
 Heap Max Capacity: 1998M
 Pre-touch: Disabled
 Parallel Workers: 4
 Concurrent Workers: 1
 Concurrent Refinement Workers: 4
 Periodic GC: Disabled
Heap:
 garbage-first heap   total 81920K, used 57743K [0x0000000083200000, 0x0000000100000000)
  region size 1024K, 15 young (15360K), 2 survivors (2048K)
 Metaspace       used 108435K, committed 109184K, reserved 1179648K
  class space    used 14517K, committed 14912K, reserved 1048576K
GC Heap History (20 events):
Event: 176.303 GC heap before
{Heap before GC invocations=56 (full 2):
 garbage-first heap   total 81920K, used 65889K [0x0000000083200000, 0x0000000100000000)
  region size 1024K, 18 young (18432K), 2 survivors (2048K)
 Metaspace       used 106800K, committed 107520K, reserved 1179648K
  class space    used 14418K, committed 14784K, reserved 1048576K
}
Event: 176.321 GC heap after
{Heap after GC invocations=57 (full 2):
 garbage-first heap   total 81920K, used 50046K [0x0000000083200000, 0x0000000100000000)
  region size 1024K, 2 young (2048K), 2 survivors (2048K)
 Metaspace       used 106800K, committed 107520K, reserved 1179648K
  class space    used 14418K, committed 14784K, reserved 1048576K
}
Event: 287.549 GC heap before
{Heap before GC invocations=57 (full 2):
 garbage-first heap   total 81920K, used 59262K [0x0000000083200000, 0x0000000100000000)
  region size 1024K, 12 young (12288K), 2 survivors (2048K)
 Metaspace       used 106825K, committed 107584K, reserved 1179648K
  class space    used 14418K, committed 14784K, reserved 1048576K
}
Event: 287.906 GC heap after
{Heap after GC invocations=58 (full 3):
 garbage-first heap   total 81920K, used 41909K [0x0000000083200000, 0x0000000100000000)
  region size 1024K, 0 young (0K), 0 survivors (0K)
 Metaspace       used 106805K, committed 107584K, reserved 1179648K
  class space    used 14415K, committed 14784K, reserved 1048576K
}
Event: 288.909 GC heap before
{Heap before GC invocations=58 (full 3):
 garbage-first heap   total 81920K, used 65461K [0x0000000083200000, 0x0000000100000000)
  region size 1024K, 24 young (24576K), 0 survivors (0K)
 Metaspace       used 106976K, committed 107712K, reserved 1179648K
  class space    used 14432K, committed 14784K, reserved 1048576K
}
Event: 288.918 GC heap after
{Heap after GC invocations=59 (full 3):
 garbage-first heap   total 81920K, used 44324K [0x0000000083200000, 0x0000000100000000)
  region size 1024K, 3 young (3072K), 3 survivors (3072K)
 Metaspace       used 106976K, committed 107712K, reserved 1179648K
  class space    used 14432K, committed 14784K, reserved 1048576K
}
Event: 290.744 GC heap before
{Heap before GC invocations=59 (full 3):
 garbage-first heap   total 81920K, used 66852K [0x0000000083200000, 0x0000000100000000)
  region size 1024K, 25 young (25600K), 3 survivors (3072K)
 Metaspace       used 107148K, committed 107840K, reserved 1179648K
  class space    used 14445K, committed 14784K, reserved 1048576K
}
Event: 290.753 GC heap after
{Heap after GC invocations=60 (full 3):
 garbage-first heap   total 81920K, used 45945K [0x0000000083200000, 0x0000000100000000)
  region size 1024K, 2 young (2048K), 2 survivors (2048K)
 Metaspace       used 107148K, committed 107840K, reserved 1179648K
  class space    used 14445K, committed 14784K, reserved 1048576K
}
Event: 291.971 GC heap before
{Heap before GC invocations=60 (full 3):
 garbage-first heap   total 81920K, used 66425K [0x0000000083200000, 0x0000000100000000)
  region size 1024K, 23 young (23552K), 2 survivors (2048K)
 Metaspace       used 107362K, committed 108032K, reserved 1179648K
  class space    used 14455K, committed 14784K, reserved 1048576K
}
Event: 291.975 GC heap after
{Heap after GC invocations=61 (full 3):
 garbage-first heap   total 81920K, used 47334K [0x0000000083200000, 0x0000000100000000)
  region size 1024K, 2 young (2048K), 2 survivors (2048K)
 Metaspace       used 107362K, committed 108032K, reserved 1179648K
  class space    used 14455K, committed 14784K, reserved 1048576K
}
Event: 292.706 GC heap before
{Heap before GC invocations=61 (full 3):
 garbage-first heap   total 81920K, used 66790K [0x0000000083200000, 0x0000000100000000)
  region size 1024K, 21 young (21504K), 2 survivors (2048K)
 Metaspace       used 107987K, committed 108736K, reserved 1179648K
  class space    used 14486K, committed 14848K, reserved 1048576K
}
Event: 292.712 GC heap after
{Heap after GC invocations=62 (full 3):
 garbage-first heap   total 81920K, used 48985K [0x0000000083200000, 0x0000000100000000)
  region size 1024K, 3 young (3072K), 3 survivors (3072K)
 Metaspace       used 107987K, committed 108736K, reserved 1179648K
  class space    used 14486K, committed 14848K, reserved 1048576K
}
Event: 293.146 GC heap before
{Heap before GC invocations=62 (full 3):
 garbage-first heap   total 81920K, used 67417K [0x0000000083200000, 0x0000000100000000)
  region size 1024K, 21 young (21504K), 3 survivors (3072K)
 Metaspace       used 108029K, committed 108800K, reserved 1179648K
  class space    used 14490K, committed 14848K, reserved 1048576K
}
Event: 293.151 GC heap after
{Heap after GC invocations=63 (full 3):
 garbage-first heap   total 81920K, used 50460K [0x0000000083200000, 0x0000000100000000)
  region size 1024K, 2 young (2048K), 2 survivors (2048K)
 Metaspace       used 108029K, committed 108800K, reserved 1179648K
  class space    used 14490K, committed 14848K, reserved 1048576K
}
Event: 312.842 GC heap before
{Heap before GC invocations=63 (full 3):
 garbage-first heap   total 81920K, used 59676K [0x0000000083200000, 0x0000000100000000)
  region size 1024K, 12 young (12288K), 2 survivors (2048K)
 Metaspace       used 108102K, committed 108800K, reserved 1179648K
  class space    used 14493K, committed 14848K, reserved 1048576K
}
Event: 312.921 GC heap after
{Heap after GC invocations=64 (full 4):
 garbage-first heap   total 81920K, used 42446K [0x0000000083200000, 0x0000000100000000)
  region size 1024K, 0 young (0K), 0 survivors (0K)
 Metaspace       used 108083K, committed 108800K, reserved 1179648K
  class space    used 14490K, committed 14848K, reserved 1048576K
}
Event: 313.442 GC heap before
{Heap before GC invocations=64 (full 4):
 garbage-first heap   total 81920K, used 65998K [0x0000000083200000, 0x0000000100000000)
  region size 1024K, 24 young (24576K), 0 survivors (0K)
 Metaspace       used 108258K, committed 108992K, reserved 1179648K
  class space    used 14506K, committed 14848K, reserved 1048576K
}
Event: 313.445 GC heap after
{Heap after GC invocations=65 (full 4):
 garbage-first heap   total 81920K, used 44843K [0x0000000083200000, 0x0000000100000000)
  region size 1024K, 3 young (3072K), 3 survivors (3072K)
 Metaspace       used 108258K, committed 108992K, reserved 1179648K
  class space    used 14506K, committed 14848K, reserved 1048576K
}
Event: 313.831 GC heap before
{Heap before GC invocations=65 (full 4):
 garbage-first heap   total 81920K, used 66347K [0x0000000083200000, 0x0000000100000000)
  region size 1024K, 24 young (24576K), 3 survivors (3072K)
 Metaspace       used 108394K, committed 109184K, reserved 1179648K
  class space    used 14517K, committed 14912K, reserved 1048576K
}
Event: 313.836 GC heap after
{Heap after GC invocations=66 (full 4):
 garbage-first heap   total 81920K, used 46479K [0x0000000083200000, 0x0000000100000000)
  region size 1024K, 2 young (2048K), 2 survivors (2048K)
 Metaspace       used 108394K, committed 109184K, reserved 1179648K
  class space    used 14517K, committed 14912K, reserved 1048576K
}

