# JRE version: Java(TM) SE Runtime Environment (17.0.11+7) (build 17.0.11+7-LTS-207)
# Java VM: Java HotSpot(TM) 64-Bit Server VM (17.0.11+7-LTS-207, mixed mode, sharing, tiered, compressed oops, compressed class ptrs, g1 gc, windows-amd64)
GC Precious Log:
 CPUs: 4 total, 4 available
 Memory: 7991M
 Large Page Support: Disabled
 NUMA Support: Disabled
 Compressed Oops: Enabled (32-bit)
 Heap Region Size: 1M
 Heap Min Capacity: 8M
 Heap Initial Capacity: 126M
 Heap Max Capacity: 1998M
 Pre-touch: Disabled
 Parallel Workers: 4
 Concurrent Workers: 1
 Concurrent Refinement Workers: 4
 Periodic GC: Disabled
Heap:
 garbage-first heap   total 55296K, used 37064K [0x0000000083200000, 0x0000000100000000)
  region size 1024K, 21 young (21504K), 3 survivors (3072K)
 Metaspace       used 38289K, committed 38720K, reserved 1114112K
  class space    used 4831K, committed 5056K, reserved 1048576K
GC Heap History (18 events):
Event: 12.943 GC heap before
{Heap before GC invocations=0 (full 0):
 garbage-first heap   total 129024K, used 15360K [0x0000000083200000, 0x0000000100000000)
  region size 1024K, 13 young (13312K), 0 survivors (0K)
 Metaspace       used 2714K, committed 2880K, reserved 1114112K
  class space    used 285K, committed 384K, reserved 1048576K
}
Event: 12.960 GC heap after
{Heap after GC invocations=1 (full 0):
 garbage-first heap   total 129024K, used 7813K [0x0000000083200000, 0x0000000100000000)
  region size 1024K, 2 young (2048K), 2 survivors (2048K)
 Metaspace       used 2714K, committed 2880K, reserved 1114112K
  class space    used 285K, committed 384K, reserved 1048576K
}
Event: 15.115 GC heap before
{Heap before GC invocations=1 (full 0):
 garbage-first heap   total 129024K, used 17029K [0x0000000083200000, 0x0000000100000000)
  region size 1024K, 12 young (12288K), 2 survivors (2048K)
 Metaspace       used 5053K, committed 5248K, reserved 1114112K
  class space    used 579K, committed 704K, reserved 1048576K
}
Event: 15.117 GC heap after
{Heap after GC invocations=2 (full 0):
 garbage-first heap   total 129024K, used 8411K [0x0000000083200000, 0x0000000100000000)
  region size 1024K, 1 young (1024K), 1 survivors (1024K)
 Metaspace       used 5053K, committed 5248K, reserved 1114112K
  class space    used 579K, committed 704K, reserved 1048576K
}
Event: 17.020 GC heap before
{Heap before GC invocations=2 (full 0):
 garbage-first heap   total 129024K, used 34011K [0x0000000083200000, 0x0000000100000000)
  region size 1024K, 26 young (26624K), 1 survivors (1024K)
 Metaspace       used 11388K, committed 11648K, reserved 1114112K
  class space    used 1419K, committed 1536K, reserved 1048576K
}
Event: 17.024 GC heap after
{Heap after GC invocations=3 (full 0):
 garbage-first heap   total 129024K, used 10293K [0x0000000083200000, 0x0000000100000000)
  region size 1024K, 3 young (3072K), 3 survivors (3072K)
 Metaspace       used 11388K, committed 11648K, reserved 1114112K
  class space    used 1419K, committed 1536K, reserved 1048576K
}
Event: 18.482 GC heap before
{Heap before GC invocations=3 (full 0):
 garbage-first heap   total 129024K, used 49205K [0x0000000083200000, 0x0000000100000000)
  region size 1024K, 42 young (43008K), 3 survivors (3072K)
 Metaspace       used 21205K, committed 21504K, reserved 1114112K
  class space    used 2562K, committed 2688K, reserved 1048576K
}
Event: 18.489 GC heap after
{Heap after GC invocations=4 (full 0):
 garbage-first heap   total 129024K, used 13530K [0x0000000083200000, 0x0000000100000000)
  region size 1024K, 6 young (6144K), 6 survivors (6144K)
 Metaspace       used 21205K, committed 21504K, reserved 1114112K
  class space    used 2562K, committed 2688K, reserved 1048576K
}
Event: 19.525 GC heap before
{Heap before GC invocations=5 (full 0):
 garbage-first heap   total 55296K, used 39130K [0x0000000083200000, 0x0000000100000000)
  region size 1024K, 32 young (32768K), 6 survivors (6144K)
 Metaspace       used 25702K, committed 26112K, reserved 1114112K
  class space    used 3215K, committed 3392K, reserved 1048576K
}
Event: 19.534 GC heap after
{Heap after GC invocations=6 (full 0):
 garbage-first heap   total 55296K, used 15425K [0x0000000083200000, 0x0000000100000000)
  region size 1024K, 3 young (3072K), 3 survivors (3072K)
 Metaspace       used 25702K, committed 26112K, reserved 1114112K
  class space    used 3215K, committed 3392K, reserved 1048576K
}
Event: 19.599 GC heap before
{Heap before GC invocations=6 (full 0):
 garbage-first heap   total 55296K, used 16449K [0x0000000083200000, 0x0000000100000000)
  region size 1024K, 4 young (4096K), 3 survivors (3072K)
 Metaspace       used 25977K, committed 26368K, reserved 1114112K
  class space    used 3257K, committed 3456K, reserved 1048576K
}
Event: 19.601 GC heap after
{Heap after GC invocations=7 (full 0):
 garbage-first heap   total 55296K, used 15875K [0x0000000083200000, 0x0000000100000000)
  region size 1024K, 1 young (1024K), 1 survivors (1024K)
 Metaspace       used 25977K, committed 26368K, reserved 1114112K
  class space    used 3257K, committed 3456K, reserved 1048576K
}
Event: 21.063 GC heap before
{Heap before GC invocations=7 (full 0):
 garbage-first heap   total 55296K, used 38403K [0x0000000083200000, 0x0000000100000000)
  region size 1024K, 23 young (23552K), 1 survivors (1024K)
 Metaspace       used 28362K, committed 28736K, reserved 1114112K
  class space    used 3529K, committed 3712K, reserved 1048576K
}
Event: 21.066 GC heap after
{Heap after GC invocations=8 (full 0):
 garbage-first heap   total 55296K, used 17091K [0x0000000083200000, 0x0000000100000000)
  region size 1024K, 2 young (2048K), 2 survivors (2048K)
 Metaspace       used 28362K, committed 28736K, reserved 1114112K
  class space    used 3529K, committed 3712K, reserved 1048576K
}
Event: 22.748 GC heap before
{Heap before GC invocations=8 (full 0):
 garbage-first heap   total 55296K, used 38595K [0x0000000083200000, 0x0000000100000000)
  region size 1024K, 24 young (24576K), 2 survivors (2048K)
 Metaspace       used 31335K, committed 31744K, reserved 1114112K
  class space    used 3890K, committed 4096K, reserved 1048576K
}
Event: 22.751 GC heap after
{Heap after GC invocations=9 (full 0):
 garbage-first heap   total 55296K, used 18511K [0x0000000083200000, 0x0000000100000000)
  region size 1024K, 2 young (2048K), 2 survivors (2048K)
 Metaspace       used 31335K, committed 31744K, reserved 1114112K
  class space    used 3890K, committed 4096K, reserved 1048576K
}
Event: 24.476 GC heap before
{Heap before GC invocations=9 (full 0):
 garbage-first heap   total 55296K, used 38991K [0x0000000083200000, 0x0000000100000000)
  region size 1024K, 23 young (23552K), 2 survivors (2048K)
 Metaspace       used 35510K, committed 35968K, reserved 1114112K
  class space    used 4508K, committed 4736K, reserved 1048576K
}
Event: 24.482 GC heap after
{Heap after GC invocations=10 (full 0):
 garbage-first heap   total 55296K, used 20680K [0x0000000083200000, 0x0000000100000000)
  region size 1024K, 3 young (3072K), 3 survivors (3072K)
 Metaspace       used 35510K, committed 35968K, reserved 1114112K
  class space    used 4508K, committed 4736K, reserved 1048576K
}

